<?xml version="1.0" encoding="UTF-8"?>

<!DOCTYPE datasources
    PUBLIC "-//JBoss//DTD JBOSS JCA Config 1.5//EN"
    "http://www.jboss.org/j2ee/dtd/jboss-ds_1_5.dtd">

<datasources>
  <local-tx-datasource>

    <jndi-name>MpdStatsDatasource</jndi-name>
    <connection-url>
      jdbc:oracle:thin:@
        (DESCRIPTION = 
           (ADDRESS_LIST =
              (ADDRESS = (PROTOCOL = TCP)(HOST = harta9310v.ccci.org)(PORT = 1521))
              (ADDRESS = (PROTOCOL = TCP)(HOST = harta9210v.ccci.org)(PORT = 1521))
           )
           (CONNECT_DATA = 
              (SERVER = DEDICATED)
              (SERVICE_NAME = hcm9t.ccci.org)
           )
        )
    </connection-url>
    <driver-class>oracle.jdbc.OracleDriver</driver-class>
    <user-name>mpdstats</user-name>
    <password>mpdstats</password>
    <query-timeout>20</query-timeout>
  </local-tx-datasource>

</datasources>

